<?xml version="1.0" encoding="UTF-8"?>
<testsuite xmlns:xsi="http://www.w3.org/2001/XMLSchema-instance" xsi:noNamespaceSchemaLocation="https://maven.apache.org/surefire/maven-surefire-plugin/xsd/surefire-test-report.xsd" version="3.0.2" name="sv.edu.udb.service.InventarioServiceTest" time="0.037" tests="3" errors="0" skipped="0" failures="0">
  <properties>
[...]
</properties>
  <testcase name="cuandoLaInstanciaProveedorRepositoryEsNulaError" classname="sv.edu.udb.service.InventarioServiceTest" time="0.016"/>
  <testcase name="cuandoInventarioServiceEsInstanciadoEjecutaOperacion" classname="sv.edu.udb.service.InventarioServiceTest" time="0.012"/>
  <testcase name="cuandoLaInstanciaProductoRepositoryEsNulaError" classname="sv.edu.udb.service.InventarioServiceTest" time="0.002"/>
</testsuite>